<?xml version="1.0" encoding="UTF-8"?>
<testng-results retried="7" ignored="7" total="20" passed="6" failed="0" skipped="0">
  <reporter-output>
  </reporter-output>
  <suite started-at="2025-09-04T15:30:06 IST" name="BDD Suite" finished-at="2025-09-04T15:33:52 IST" duration-ms="226277">
    <groups>
      <group name="cucumber">
        <method signature="AbstractTestNGCucumberTests.runScenario(io.cucumber.testng.PickleWrapper,io.cucumber.testng.FeatureWrapper)[pri:0, instance:testRunner.TestRunner@7354b8c5]" name="runScenario" class="io.cucumber.testng.AbstractTestNGCucumberTests"/>
      </group> <!-- cucumber -->
    </groups>
    <test started-at="2025-09-04T15:30:06 IST" name="Cucumber Tests" finished-at="2025-09-04T15:33:52 IST" duration-ms="226277">
      <class name="testRunner.TestRunner">
        <test-method is-config="true" signature="setUpClass(org.testng.ITestContext)[pri:0, instance:testRunner.TestRunner@7354b8c5]" started-at="2025-09-04T15:30:06 IST" name="setUpClass" finished-at="2025-09-04T15:30:07 IST" duration-ms="1601" status="PASS">
          <params>
            <param index="0">
              <value>
                <![CDATA[org.testng.TestRunner@67d8faec]]>
              </value>
            </param>
          </params>
          <reporter-output>
          </reporter-output>
        </test-method> <!-- setUpClass -->
        <test-method retried="true" signature="runScenario(io.cucumber.testng.PickleWrapper,io.cucumber.testng.FeatureWrapper)[pri:0, instance:testRunner.TestRunner@7354b8c5]" started-at="2025-09-04T15:30:07 IST" name="runScenario" description="Runs Cucumber Scenarios" data-provider="scenarios" finished-at="2025-09-04T15:30:33 IST" duration-ms="25748" status="SKIP">
          <params>
            <param index="0">
              <value>
                <![CDATA["Extracting data from Nse"]]>
              </value>
            </param>
            <param index="1">
              <value>
                <![CDATA["Validation For Most Active Futures Contracts Data in NSE"]]>
              </value>
            </param>
          </params>
          <exception class="org.openqa.selenium.TimeoutException">
            <message>
              <![CDATA[Expected condition failed: waiting for visibility of all elements located by By.xpath: //table[@id='MACEquityTable']//tbody//following::tr//td[text()='Stock Futures']//parent::tr (tried for 10 second(s) with 500 milliseconds interval)
Build info: version: '4.32.0', revision: 'd17c8aa950'
System info: os.name: 'Windows 11', os.arch: 'amd64', os.version: '10.0', java.version: '24.0.1'
Driver info: org.openqa.selenium.firefox.FirefoxDriver
Capabilities {acceptInsecureCerts: true, browserName: firefox, browserVersion: 142.0.1, moz:accessibilityChecks: false, moz:buildID: 20250827004350, moz:geckodriverVersion: 0.36.0, moz:headless: true, moz:platformVersion: 10.0, moz:processID: 13324, moz:profile: C:\Users\PRAVEP~1.000\AppDa..., moz:shutdownTimeout: 60000, moz:webdriverClick: true, moz:windowless: false, pageLoadStrategy: normal, platformName: windows, proxy: Proxy(), setWindowRect: true, strictFileInteractability: false, timeouts: {implicit: 0, pageLoad: 300000, script: 30000}, unhandledPromptBehavior: dismiss and notify, userAgent: Mozilla/5.0 (Windows NT 10....}
Session ID: 719ef7c5-6f81-4345-9393-d67db661e9ef]]>
            </message>
            <full-stacktrace>
              <![CDATA[org.openqa.selenium.TimeoutException: Expected condition failed: waiting for visibility of all elements located by By.xpath: //table[@id='MACEquityTable']//tbody//following::tr//td[text()='Stock Futures']//parent::tr (tried for 10 second(s) with 500 milliseconds interval)
Build info: version: '4.32.0', revision: 'd17c8aa950'
System info: os.name: 'Windows 11', os.arch: 'amd64', os.version: '10.0', java.version: '24.0.1'
Driver info: org.openqa.selenium.firefox.FirefoxDriver
Capabilities {acceptInsecureCerts: true, browserName: firefox, browserVersion: 142.0.1, moz:accessibilityChecks: false, moz:buildID: 20250827004350, moz:geckodriverVersion: 0.36.0, moz:headless: true, moz:platformVersion: 10.0, moz:processID: 13324, moz:profile: C:\Users\PRAVEP~1.000\AppDa..., moz:shutdownTimeout: 60000, moz:webdriverClick: true, moz:windowless: false, pageLoadStrategy: normal, platformName: windows, proxy: Proxy(), setWindowRect: true, strictFileInteractability: false, timeouts: {implicit: 0, pageLoad: 300000, script: 30000}, unhandledPromptBehavior: dismiss and notify, userAgent: Mozilla/5.0 (Windows NT 10....}
Session ID: 719ef7c5-6f81-4345-9393-d67db661e9ef
at org.openqa.selenium.support.ui.WebDriverWait.timeoutException(WebDriverWait.java:84)
at org.openqa.selenium.support.ui.FluentWait.until(FluentWait.java:228)
at pageObjects.FutureContracts.dataOfMostActiveFutureContract(FutureContracts.java:53)
at stepDefinitions.ActiveFutureContractStepDefinition.click_on_most_active_futures_contract_data(ActiveFutureContractStepDefinition.java:24)
at ✽.Click On Most Active Futures Contract Data(file:///C:/Users/prave.PRAVEENREDDY.000/eclipse-workspace/TradingStocks/src/test/java/Features/ActiveFutureContracts.feature:4)
]]>
            </full-stacktrace>
          </exception> <!-- org.openqa.selenium.TimeoutException -->
          <reporter-output>
          </reporter-output>
        </test-method> <!-- runScenario -->
        <test-method retried="true" signature="runScenario(io.cucumber.testng.PickleWrapper,io.cucumber.testng.FeatureWrapper)[pri:0, instance:testRunner.TestRunner@7354b8c5]" started-at="2025-09-04T15:30:33 IST" name="runScenario" description="Runs Cucumber Scenarios" data-provider="scenarios" finished-at="2025-09-04T15:30:56 IST" duration-ms="23292" status="SKIP">
          <params>
            <param index="0">
              <value>
                <![CDATA["Extracting data from Nse"]]>
              </value>
            </param>
            <param index="1">
              <value>
                <![CDATA["Validation For Most Active Futures Contracts Data in NSE"]]>
              </value>
            </param>
          </params>
          <exception class="org.openqa.selenium.TimeoutException">
            <message>
              <![CDATA[Expected condition failed: waiting for visibility of all elements located by By.xpath: //table[@id='MACEquityTable']//tbody//following::tr//td[text()='Stock Futures']//parent::tr (tried for 10 second(s) with 500 milliseconds interval)
Build info: version: '4.32.0', revision: 'd17c8aa950'
System info: os.name: 'Windows 11', os.arch: 'amd64', os.version: '10.0', java.version: '24.0.1'
Driver info: org.openqa.selenium.firefox.FirefoxDriver
Capabilities {acceptInsecureCerts: true, browserName: firefox, browserVersion: 142.0.1, moz:accessibilityChecks: false, moz:buildID: 20250827004350, moz:geckodriverVersion: 0.36.0, moz:headless: true, moz:platformVersion: 10.0, moz:processID: 15684, moz:profile: C:\Users\PRAVEP~1.000\AppDa..., moz:shutdownTimeout: 60000, moz:webdriverClick: true, moz:windowless: false, pageLoadStrategy: normal, platformName: windows, proxy: Proxy(), setWindowRect: true, strictFileInteractability: false, timeouts: {implicit: 0, pageLoad: 300000, script: 30000}, unhandledPromptBehavior: dismiss and notify, userAgent: Mozilla/5.0 (Windows NT 10....}
Session ID: 1b6f0866-b0c1-4c1c-a2e4-e8e39f1e623b]]>
            </message>
            <full-stacktrace>
              <![CDATA[org.openqa.selenium.TimeoutException: Expected condition failed: waiting for visibility of all elements located by By.xpath: //table[@id='MACEquityTable']//tbody//following::tr//td[text()='Stock Futures']//parent::tr (tried for 10 second(s) with 500 milliseconds interval)
Build info: version: '4.32.0', revision: 'd17c8aa950'
System info: os.name: 'Windows 11', os.arch: 'amd64', os.version: '10.0', java.version: '24.0.1'
Driver info: org.openqa.selenium.firefox.FirefoxDriver
Capabilities {acceptInsecureCerts: true, browserName: firefox, browserVersion: 142.0.1, moz:accessibilityChecks: false, moz:buildID: 20250827004350, moz:geckodriverVersion: 0.36.0, moz:headless: true, moz:platformVersion: 10.0, moz:processID: 15684, moz:profile: C:\Users\PRAVEP~1.000\AppDa..., moz:shutdownTimeout: 60000, moz:webdriverClick: true, moz:windowless: false, pageLoadStrategy: normal, platformName: windows, proxy: Proxy(), setWindowRect: true, strictFileInteractability: false, timeouts: {implicit: 0, pageLoad: 300000, script: 30000}, unhandledPromptBehavior: dismiss and notify, userAgent: Mozilla/5.0 (Windows NT 10....}
Session ID: 1b6f0866-b0c1-4c1c-a2e4-e8e39f1e623b
at org.openqa.selenium.support.ui.WebDriverWait.timeoutException(WebDriverWait.java:84)
at org.openqa.selenium.support.ui.FluentWait.until(FluentWait.java:228)
at pageObjects.FutureContracts.dataOfMostActiveFutureContract(FutureContracts.java:53)
at stepDefinitions.ActiveFutureContractStepDefinition.click_on_most_active_futures_contract_data(ActiveFutureContractStepDefinition.java:24)
at ✽.Click On Most Active Futures Contract Data(file:///C:/Users/prave.PRAVEENREDDY.000/eclipse-workspace/TradingStocks/src/test/java/Features/ActiveFutureContracts.feature:4)
]]>
            </full-stacktrace>
          </exception> <!-- org.openqa.selenium.TimeoutException -->
          <reporter-output>
          </reporter-output>
        </test-method> <!-- runScenario -->
        <test-method signature="runScenario(io.cucumber.testng.PickleWrapper,io.cucumber.testng.FeatureWrapper)[pri:0, instance:testRunner.TestRunner@7354b8c5]" started-at="2025-09-04T15:30:56 IST" name="runScenario" description="Runs Cucumber Scenarios" data-provider="scenarios" finished-at="2025-09-04T15:31:11 IST" duration-ms="14209" status="PASS">
          <params>
            <param index="0">
              <value>
                <![CDATA["Extracting data from Nse"]]>
              </value>
            </param>
            <param index="1">
              <value>
                <![CDATA["Validation For Most Active Futures Contracts Data in NSE"]]>
              </value>
            </param>
          </params>
          <reporter-output>
          </reporter-output>
        </test-method> <!-- runScenario -->
        <test-method retried="true" signature="runScenario(io.cucumber.testng.PickleWrapper,io.cucumber.testng.FeatureWrapper)[pri:0, instance:testRunner.TestRunner@7354b8c5]" started-at="2025-09-04T15:31:11 IST" name="runScenario" description="Runs Cucumber Scenarios" data-provider="scenarios" finished-at="2025-09-04T15:31:32 IST" duration-ms="21052" status="SKIP">
          <params>
            <param index="0">
              <value>
                <![CDATA["Extracting data from Nse of Rise In OI Rise In Price"]]>
              </value>
            </param>
            <param index="1">
              <value>
                <![CDATA["Validation For Bullish Stocks Rise In OI Rise In Price Data in NSE"]]>
              </value>
            </param>
          </params>
          <exception class="org.openqa.selenium.NoSuchElementException">
            <message>
              <![CDATA[Unable to locate element: //option[@value='Rise-in-OI-Rise']
For documentation on this error, please visit: https://www.selenium.dev/documentation/webdriver/troubleshooting/errors#no-such-element-exception
Build info: version: '4.32.0', revision: 'd17c8aa950'
System info: os.name: 'Windows 11', os.arch: 'amd64', os.version: '10.0', java.version: '24.0.1'
Driver info: org.openqa.selenium.firefox.FirefoxDriver
Command: [4b1eefcd-c9f6-4cde-839f-c4ba2b5f1a2b, findElement {using=xpath, value=//option[@value='Rise-in-OI-Rise']}]
Capabilities {acceptInsecureCerts: true, browserName: firefox, browserVersion: 142.0.1, moz:accessibilityChecks: false, moz:buildID: 20250827004350, moz:geckodriverVersion: 0.36.0, moz:headless: true, moz:platformVersion: 10.0, moz:processID: 10044, moz:profile: C:\Users\PRAVEP~1.000\AppDa..., moz:shutdownTimeout: 60000, moz:webdriverClick: true, moz:windowless: false, pageLoadStrategy: normal, platformName: windows, proxy: Proxy(), setWindowRect: true, strictFileInteractability: false, timeouts: {implicit: 0, pageLoad: 300000, script: 30000}, unhandledPromptBehavior: dismiss and notify, userAgent: Mozilla/5.0 (Windows NT 10....}
Session ID: 4b1eefcd-c9f6-4cde-839f-c4ba2b5f1a2b]]>
            </message>
            <full-stacktrace>
              <![CDATA[org.openqa.selenium.NoSuchElementException: Unable to locate element: //option[@value='Rise-in-OI-Rise']
For documentation on this error, please visit: https://www.selenium.dev/documentation/webdriver/troubleshooting/errors#no-such-element-exception
Build info: version: '4.32.0', revision: 'd17c8aa950'
System info: os.name: 'Windows 11', os.arch: 'amd64', os.version: '10.0', java.version: '24.0.1'
Driver info: org.openqa.selenium.firefox.FirefoxDriver
Command: [4b1eefcd-c9f6-4cde-839f-c4ba2b5f1a2b, findElement {using=xpath, value=//option[@value='Rise-in-OI-Rise']}]
Capabilities {acceptInsecureCerts: true, browserName: firefox, browserVersion: 142.0.1, moz:accessibilityChecks: false, moz:buildID: 20250827004350, moz:geckodriverVersion: 0.36.0, moz:headless: true, moz:platformVersion: 10.0, moz:processID: 10044, moz:profile: C:\Users\PRAVEP~1.000\AppDa..., moz:shutdownTimeout: 60000, moz:webdriverClick: true, moz:windowless: false, pageLoadStrategy: normal, platformName: windows, proxy: Proxy(), setWindowRect: true, strictFileInteractability: false, timeouts: {implicit: 0, pageLoad: 300000, script: 30000}, unhandledPromptBehavior: dismiss and notify, userAgent: Mozilla/5.0 (Windows NT 10....}
Session ID: 4b1eefcd-c9f6-4cde-839f-c4ba2b5f1a2b
at java.base/jdk.internal.reflect.DirectConstructorHandleAccessor.newInstance(DirectConstructorHandleAccessor.java:62)
at java.base/java.lang.reflect.Constructor.newInstanceWithCaller(Constructor.java:499)
at java.base/java.lang.reflect.Constructor.newInstance(Constructor.java:483)
at org.openqa.selenium.remote.ErrorCodec.decode(ErrorCodec.java:167)
at org.openqa.selenium.remote.codec.w3c.W3CHttpResponseCodec.decode(W3CHttpResponseCodec.java:138)
at org.openqa.selenium.remote.codec.w3c.W3CHttpResponseCodec.decode(W3CHttpResponseCodec.java:50)
at org.openqa.selenium.remote.HttpCommandExecutor.execute(HttpCommandExecutor.java:215)
at org.openqa.selenium.remote.service.DriverCommandExecutor.invokeExecute(DriverCommandExecutor.java:216)
at org.openqa.selenium.remote.service.DriverCommandExecutor.execute(DriverCommandExecutor.java:174)
at org.openqa.selenium.remote.RemoteWebDriver.execute(RemoteWebDriver.java:545)
at org.openqa.selenium.remote.ElementLocation$ElementFinder$2.findElement(ElementLocation.java:165)
at org.openqa.selenium.remote.ElementLocation.findElement(ElementLocation.java:59)
at org.openqa.selenium.remote.RemoteWebDriver.findElement(RemoteWebDriver.java:368)
at org.openqa.selenium.remote.RemoteWebDriver.findElement(RemoteWebDriver.java:362)
at pageObjects.RORIBullish.riseInOiandRiseInPrice(RORIBullish.java:40)
at stepDefinitions.BullishStocksTradStepDefinition.click_on_rise_in_oi_rise_in_price_for_stocks_data(BullishStocksTradStepDefinition.java:20)
at ✽.Click On Rise In OI Rise In Price for Stocks Data(file:///C:/Users/prave.PRAVEENREDDY.000/eclipse-workspace/TradingStocks/src/test/java/Features/Bullish.feature:4)
]]>
            </full-stacktrace>
          </exception> <!-- org.openqa.selenium.NoSuchElementException -->
          <reporter-output>
          </reporter-output>
        </test-method> <!-- runScenario -->
        <test-method signature="runScenario(io.cucumber.testng.PickleWrapper,io.cucumber.testng.FeatureWrapper)[pri:0, instance:testRunner.TestRunner@7354b8c5]" started-at="2025-09-04T15:31:32 IST" name="runScenario" description="Runs Cucumber Scenarios" data-provider="scenarios" finished-at="2025-09-04T15:31:44 IST" duration-ms="12014" status="PASS">
          <params>
            <param index="0">
              <value>
                <![CDATA["Extracting data from Nse of Rise In OI Rise In Price"]]>
              </value>
            </param>
            <param index="1">
              <value>
                <![CDATA["Validation For Bullish Stocks Rise In OI Rise In Price Data in NSE"]]>
              </value>
            </param>
          </params>
          <reporter-output>
          </reporter-output>
        </test-method> <!-- runScenario -->
        <test-method signature="runScenario(io.cucumber.testng.PickleWrapper,io.cucumber.testng.FeatureWrapper)[pri:0, instance:testRunner.TestRunner@7354b8c5]" started-at="2025-09-04T15:31:44 IST" name="runScenario" description="Runs Cucumber Scenarios" data-provider="scenarios" finished-at="2025-09-04T15:31:55 IST" duration-ms="11538" status="PASS">
          <params>
            <param index="0">
              <value>
                <![CDATA["Extracting Short Covering Stocks Data from Nse"]]>
              </value>
            </param>
            <param index="1">
              <value>
                <![CDATA["Validation For Short Covering Data Slide In Oi Rise Price From NSE"]]>
              </value>
            </param>
          </params>
          <reporter-output>
          </reporter-output>
        </test-method> <!-- runScenario -->
        <test-method retried="true" signature="runScenario(io.cucumber.testng.PickleWrapper,io.cucumber.testng.FeatureWrapper)[pri:0, instance:testRunner.TestRunner@7354b8c5]" started-at="2025-09-04T15:31:55 IST" name="runScenario" description="Runs Cucumber Scenarios" data-provider="scenarios" finished-at="2025-09-04T15:32:05 IST" duration-ms="9891" status="SKIP">
          <params>
            <param index="0">
              <value>
                <![CDATA["Extracting Most Active Stocks Calls Data from Nse"]]>
              </value>
            </param>
            <param index="1">
              <value>
                <![CDATA["Validation For Most Active Stocks calls Data From NSE"]]>
              </value>
            </param>
          </params>
          <exception class="org.openqa.selenium.StaleElementReferenceException">
            <message>
              <![CDATA[The element with the reference 659cacfb-7e4f-4c03-9b65-c73cef530f32 is stale; either its node document is not the active document, or it is no longer connected to the DOM
For documentation on this error, please visit: https://www.selenium.dev/documentation/webdriver/troubleshooting/errors#stale-element-reference-exception
Build info: version: '4.32.0', revision: 'd17c8aa950'
System info: os.name: 'Windows 11', os.arch: 'amd64', os.version: '10.0', java.version: '24.0.1'
Driver info: org.openqa.selenium.firefox.FirefoxDriver
Command: [fc41ba30-0e81-43be-b134-2f4164cf0d90, isElementDisplayed {id=659cacfb-7e4f-4c03-9b65-c73cef530f32}]
Capabilities {acceptInsecureCerts: true, browserName: firefox, browserVersion: 142.0.1, moz:accessibilityChecks: false, moz:buildID: 20250827004350, moz:geckodriverVersion: 0.36.0, moz:headless: true, moz:platformVersion: 10.0, moz:processID: 20952, moz:profile: C:\Users\PRAVEP~1.000\AppDa..., moz:shutdownTimeout: 60000, moz:webdriverClick: true, moz:windowless: false, pageLoadStrategy: normal, platformName: windows, proxy: Proxy(), setWindowRect: true, strictFileInteractability: false, timeouts: {implicit: 0, pageLoad: 300000, script: 30000}, unhandledPromptBehavior: dismiss and notify, userAgent: Mozilla/5.0 (Windows NT 10....}
Element: [[FirefoxDriver: firefox on windows (fc41ba30-0e81-43be-b134-2f4164cf0d90)] -> xpath: //table[@id='MACEquityTable']//tbody//tr//td[text()='Stock Options']//parent::tr | //table[@id='MACEquityTable']//tbody//tr//td[text()='Stock Futures']//parent::tr]
Session ID: fc41ba30-0e81-43be-b134-2f4164cf0d90]]>
            </message>
            <full-stacktrace>
              <![CDATA[org.openqa.selenium.StaleElementReferenceException: The element with the reference 659cacfb-7e4f-4c03-9b65-c73cef530f32 is stale; either its node document is not the active document, or it is no longer connected to the DOM
For documentation on this error, please visit: https://www.selenium.dev/documentation/webdriver/troubleshooting/errors#stale-element-reference-exception
Build info: version: '4.32.0', revision: 'd17c8aa950'
System info: os.name: 'Windows 11', os.arch: 'amd64', os.version: '10.0', java.version: '24.0.1'
Driver info: org.openqa.selenium.firefox.FirefoxDriver
Command: [fc41ba30-0e81-43be-b134-2f4164cf0d90, isElementDisplayed {id=659cacfb-7e4f-4c03-9b65-c73cef530f32}]
Capabilities {acceptInsecureCerts: true, browserName: firefox, browserVersion: 142.0.1, moz:accessibilityChecks: false, moz:buildID: 20250827004350, moz:geckodriverVersion: 0.36.0, moz:headless: true, moz:platformVersion: 10.0, moz:processID: 20952, moz:profile: C:\Users\PRAVEP~1.000\AppDa..., moz:shutdownTimeout: 60000, moz:webdriverClick: true, moz:windowless: false, pageLoadStrategy: normal, platformName: windows, proxy: Proxy(), setWindowRect: true, strictFileInteractability: false, timeouts: {implicit: 0, pageLoad: 300000, script: 30000}, unhandledPromptBehavior: dismiss and notify, userAgent: Mozilla/5.0 (Windows NT 10....}
Element: [[FirefoxDriver: firefox on windows (fc41ba30-0e81-43be-b134-2f4164cf0d90)] -> xpath: //table[@id='MACEquityTable']//tbody//tr//td[text()='Stock Options']//parent::tr | //table[@id='MACEquityTable']//tbody//tr//td[text()='Stock Futures']//parent::tr]
Session ID: fc41ba30-0e81-43be-b134-2f4164cf0d90
at java.base/jdk.internal.reflect.DirectConstructorHandleAccessor.newInstance(DirectConstructorHandleAccessor.java:62)
at java.base/java.lang.reflect.Constructor.newInstanceWithCaller(Constructor.java:499)
at java.base/java.lang.reflect.Constructor.newInstance(Constructor.java:483)
at org.openqa.selenium.remote.ErrorCodec.decode(ErrorCodec.java:167)
at org.openqa.selenium.remote.codec.w3c.W3CHttpResponseCodec.decode(W3CHttpResponseCodec.java:138)
at org.openqa.selenium.remote.codec.w3c.W3CHttpResponseCodec.decode(W3CHttpResponseCodec.java:50)
at org.openqa.selenium.remote.HttpCommandExecutor.execute(HttpCommandExecutor.java:215)
at org.openqa.selenium.remote.service.DriverCommandExecutor.invokeExecute(DriverCommandExecutor.java:216)
at org.openqa.selenium.remote.service.DriverCommandExecutor.execute(DriverCommandExecutor.java:174)
at org.openqa.selenium.remote.RemoteWebDriver.execute(RemoteWebDriver.java:545)
at org.openqa.selenium.remote.RemoteWebElement.execute(RemoteWebElement.java:223)
at org.openqa.selenium.remote.RemoteWebElement.isDisplayed(RemoteWebElement.java:282)
at org.openqa.selenium.support.ui.ExpectedConditions$8.apply(ExpectedConditions.java:223)
at org.openqa.selenium.support.ui.ExpectedConditions$8.apply(ExpectedConditions.java:218)
at org.openqa.selenium.support.ui.FluentWait.until(FluentWait.java:203)
at pageObjects.StocksCalls.extarctStocksCallsData(StocksCalls.java:46)
at stepDefinitions.StocksCallStepDefiniton.click_on_most_active_stocks_calls_data(StocksCallStepDefiniton.java:18)
at ✽.Click On Most Active Stocks Calls Data(file:///C:/Users/prave.PRAVEENREDDY.000/eclipse-workspace/TradingStocks/src/test/java/Features/StocksCalls.feature:4)
]]>
            </full-stacktrace>
          </exception> <!-- org.openqa.selenium.StaleElementReferenceException -->
          <reporter-output>
          </reporter-output>
        </test-method> <!-- runScenario -->
        <test-method retried="true" signature="runScenario(io.cucumber.testng.PickleWrapper,io.cucumber.testng.FeatureWrapper)[pri:0, instance:testRunner.TestRunner@7354b8c5]" started-at="2025-09-04T15:32:05 IST" name="runScenario" description="Runs Cucumber Scenarios" data-provider="scenarios" finished-at="2025-09-04T15:32:24 IST" duration-ms="18775" status="SKIP">
          <params>
            <param index="0">
              <value>
                <![CDATA["Extracting Most Active Stocks Calls Data from Nse"]]>
              </value>
            </param>
            <param index="1">
              <value>
                <![CDATA["Validation For Most Active Stocks calls Data From NSE"]]>
              </value>
            </param>
          </params>
          <exception class="org.openqa.selenium.TimeoutException">
            <message>
              <![CDATA[Expected condition failed: waiting for visibility of all elements located by By.xpath: //table[@id='MACEquityTable']//tbody//tr//td[text()='Stock Options']//parent::tr | //table[@id='MACEquityTable']//tbody//tr//td[text()='Stock Futures']//parent::tr (tried for 10 second(s) with 500 milliseconds interval)
Build info: version: '4.32.0', revision: 'd17c8aa950'
System info: os.name: 'Windows 11', os.arch: 'amd64', os.version: '10.0', java.version: '24.0.1'
Driver info: org.openqa.selenium.firefox.FirefoxDriver
Capabilities {acceptInsecureCerts: true, browserName: firefox, browserVersion: 142.0.1, moz:accessibilityChecks: false, moz:buildID: 20250827004350, moz:geckodriverVersion: 0.36.0, moz:headless: true, moz:platformVersion: 10.0, moz:processID: 15488, moz:profile: C:\Users\PRAVEP~1.000\AppDa..., moz:shutdownTimeout: 60000, moz:webdriverClick: true, moz:windowless: false, pageLoadStrategy: normal, platformName: windows, proxy: Proxy(), setWindowRect: true, strictFileInteractability: false, timeouts: {implicit: 0, pageLoad: 300000, script: 30000}, unhandledPromptBehavior: dismiss and notify, userAgent: Mozilla/5.0 (Windows NT 10....}
Session ID: e3cf38ec-c320-420b-af54-36f790665f7b]]>
            </message>
            <full-stacktrace>
              <![CDATA[org.openqa.selenium.TimeoutException: Expected condition failed: waiting for visibility of all elements located by By.xpath: //table[@id='MACEquityTable']//tbody//tr//td[text()='Stock Options']//parent::tr | //table[@id='MACEquityTable']//tbody//tr//td[text()='Stock Futures']//parent::tr (tried for 10 second(s) with 500 milliseconds interval)
Build info: version: '4.32.0', revision: 'd17c8aa950'
System info: os.name: 'Windows 11', os.arch: 'amd64', os.version: '10.0', java.version: '24.0.1'
Driver info: org.openqa.selenium.firefox.FirefoxDriver
Capabilities {acceptInsecureCerts: true, browserName: firefox, browserVersion: 142.0.1, moz:accessibilityChecks: false, moz:buildID: 20250827004350, moz:geckodriverVersion: 0.36.0, moz:headless: true, moz:platformVersion: 10.0, moz:processID: 15488, moz:profile: C:\Users\PRAVEP~1.000\AppDa..., moz:shutdownTimeout: 60000, moz:webdriverClick: true, moz:windowless: false, pageLoadStrategy: normal, platformName: windows, proxy: Proxy(), setWindowRect: true, strictFileInteractability: false, timeouts: {implicit: 0, pageLoad: 300000, script: 30000}, unhandledPromptBehavior: dismiss and notify, userAgent: Mozilla/5.0 (Windows NT 10....}
Session ID: e3cf38ec-c320-420b-af54-36f790665f7b
at org.openqa.selenium.support.ui.WebDriverWait.timeoutException(WebDriverWait.java:84)
at org.openqa.selenium.support.ui.FluentWait.until(FluentWait.java:228)
at pageObjects.StocksCalls.extarctStocksCallsData(StocksCalls.java:46)
at stepDefinitions.StocksCallStepDefiniton.click_on_most_active_stocks_calls_data(StocksCallStepDefiniton.java:18)
at ✽.Click On Most Active Stocks Calls Data(file:///C:/Users/prave.PRAVEENREDDY.000/eclipse-workspace/TradingStocks/src/test/java/Features/StocksCalls.feature:4)
]]>
            </full-stacktrace>
          </exception> <!-- org.openqa.selenium.TimeoutException -->
          <reporter-output>
          </reporter-output>
        </test-method> <!-- runScenario -->
        <test-method signature="runScenario(io.cucumber.testng.PickleWrapper,io.cucumber.testng.FeatureWrapper)[pri:0, instance:testRunner.TestRunner@7354b8c5]" started-at="2025-09-04T15:32:24 IST" name="runScenario" description="Runs Cucumber Scenarios" data-provider="scenarios" finished-at="2025-09-04T15:32:36 IST" duration-ms="11981" status="PASS">
          <params>
            <param index="0">
              <value>
                <![CDATA["Extracting Most Active Stocks Calls Data from Nse"]]>
              </value>
            </param>
            <param index="1">
              <value>
                <![CDATA["Validation For Most Active Stocks calls Data From NSE"]]>
              </value>
            </param>
          </params>
          <reporter-output>
          </reporter-output>
        </test-method> <!-- runScenario -->
        <test-method retried="true" signature="runScenario(io.cucumber.testng.PickleWrapper,io.cucumber.testng.FeatureWrapper)[pri:0, instance:testRunner.TestRunner@7354b8c5]" started-at="2025-09-04T15:32:36 IST" name="runScenario" description="Runs Cucumber Scenarios" data-provider="scenarios" finished-at="2025-09-04T15:32:57 IST" duration-ms="21089" status="SKIP">
          <params>
            <param index="0">
              <value>
                <![CDATA["Extracting Most Active Stocks Put from Nse"]]>
              </value>
            </param>
            <param index="1">
              <value>
                <![CDATA["Validation For Most Active Stocks Puts Data From NSE"]]>
              </value>
            </param>
          </params>
          <exception class="org.openqa.selenium.TimeoutException">
            <message>
              <![CDATA[Expected condition failed: waiting for visibility of all elements located by By.xpath: //table[@id='MACEquityTable']//tbody//tr//td[text()='Stock Options']//parent::tr | //table[@id='MACEquityTable']//tbody//tr//td[text()='Stock Futures']//parent::tr (tried for 10 second(s) with 500 milliseconds interval)
Build info: version: '4.32.0', revision: 'd17c8aa950'
System info: os.name: 'Windows 11', os.arch: 'amd64', os.version: '10.0', java.version: '24.0.1'
Driver info: org.openqa.selenium.firefox.FirefoxDriver
Capabilities {acceptInsecureCerts: true, browserName: firefox, browserVersion: 142.0.1, moz:accessibilityChecks: false, moz:buildID: 20250827004350, moz:geckodriverVersion: 0.36.0, moz:headless: true, moz:platformVersion: 10.0, moz:processID: 14660, moz:profile: C:\Users\PRAVEP~1.000\AppDa..., moz:shutdownTimeout: 60000, moz:webdriverClick: true, moz:windowless: false, pageLoadStrategy: normal, platformName: windows, proxy: Proxy(), setWindowRect: true, strictFileInteractability: false, timeouts: {implicit: 0, pageLoad: 300000, script: 30000}, unhandledPromptBehavior: dismiss and notify, userAgent: Mozilla/5.0 (Windows NT 10....}
Session ID: 2d406720-df01-4efb-a2a8-52ea5951f553]]>
            </message>
            <full-stacktrace>
              <![CDATA[org.openqa.selenium.TimeoutException: Expected condition failed: waiting for visibility of all elements located by By.xpath: //table[@id='MACEquityTable']//tbody//tr//td[text()='Stock Options']//parent::tr | //table[@id='MACEquityTable']//tbody//tr//td[text()='Stock Futures']//parent::tr (tried for 10 second(s) with 500 milliseconds interval)
Build info: version: '4.32.0', revision: 'd17c8aa950'
System info: os.name: 'Windows 11', os.arch: 'amd64', os.version: '10.0', java.version: '24.0.1'
Driver info: org.openqa.selenium.firefox.FirefoxDriver
Capabilities {acceptInsecureCerts: true, browserName: firefox, browserVersion: 142.0.1, moz:accessibilityChecks: false, moz:buildID: 20250827004350, moz:geckodriverVersion: 0.36.0, moz:headless: true, moz:platformVersion: 10.0, moz:processID: 14660, moz:profile: C:\Users\PRAVEP~1.000\AppDa..., moz:shutdownTimeout: 60000, moz:webdriverClick: true, moz:windowless: false, pageLoadStrategy: normal, platformName: windows, proxy: Proxy(), setWindowRect: true, strictFileInteractability: false, timeouts: {implicit: 0, pageLoad: 300000, script: 30000}, unhandledPromptBehavior: dismiss and notify, userAgent: Mozilla/5.0 (Windows NT 10....}
Session ID: 2d406720-df01-4efb-a2a8-52ea5951f553
at org.openqa.selenium.support.ui.WebDriverWait.timeoutException(WebDriverWait.java:84)
at org.openqa.selenium.support.ui.FluentWait.until(FluentWait.java:228)
at pageObjects.StocksPuts.mostActiveStocksPutData(StocksPuts.java:44)
at stepDefinitions.StocksPutsDataStepDefinition.click_on_most_active_stocks_puts_data(StocksPutsDataStepDefinition.java:19)
at ✽.Click On Most Active Stocks Puts Data(file:///C:/Users/prave.PRAVEENREDDY.000/eclipse-workspace/TradingStocks/src/test/java/Features/StocksPuts.feature:4)
]]>
            </full-stacktrace>
          </exception> <!-- org.openqa.selenium.TimeoutException -->
          <reporter-output>
          </reporter-output>
        </test-method> <!-- runScenario -->
        <test-method retried="true" signature="runScenario(io.cucumber.testng.PickleWrapper,io.cucumber.testng.FeatureWrapper)[pri:0, instance:testRunner.TestRunner@7354b8c5]" started-at="2025-09-04T15:32:57 IST" name="runScenario" description="Runs Cucumber Scenarios" data-provider="scenarios" finished-at="2025-09-04T15:33:15 IST" duration-ms="18350" status="SKIP">
          <params>
            <param index="0">
              <value>
                <![CDATA["Extracting Most Active Stocks Put from Nse"]]>
              </value>
            </param>
            <param index="1">
              <value>
                <![CDATA["Validation For Most Active Stocks Puts Data From NSE"]]>
              </value>
            </param>
          </params>
          <exception class="org.openqa.selenium.TimeoutException">
            <message>
              <![CDATA[Expected condition failed: waiting for visibility of all elements located by By.xpath: //table[@id='MACEquityTable']//tbody//tr//td[text()='Stock Options']//parent::tr | //table[@id='MACEquityTable']//tbody//tr//td[text()='Stock Futures']//parent::tr (tried for 10 second(s) with 500 milliseconds interval)
Build info: version: '4.32.0', revision: 'd17c8aa950'
System info: os.name: 'Windows 11', os.arch: 'amd64', os.version: '10.0', java.version: '24.0.1'
Driver info: org.openqa.selenium.firefox.FirefoxDriver
Capabilities {acceptInsecureCerts: true, browserName: firefox, browserVersion: 142.0.1, moz:accessibilityChecks: false, moz:buildID: 20250827004350, moz:geckodriverVersion: 0.36.0, moz:headless: true, moz:platformVersion: 10.0, moz:processID: 3304, moz:profile: C:\Users\PRAVEP~1.000\AppDa..., moz:shutdownTimeout: 60000, moz:webdriverClick: true, moz:windowless: false, pageLoadStrategy: normal, platformName: windows, proxy: Proxy(), setWindowRect: true, strictFileInteractability: false, timeouts: {implicit: 0, pageLoad: 300000, script: 30000}, unhandledPromptBehavior: dismiss and notify, userAgent: Mozilla/5.0 (Windows NT 10....}
Session ID: 07b23cc8-ea95-4d63-8cee-1531b459b71b]]>
            </message>
            <full-stacktrace>
              <![CDATA[org.openqa.selenium.TimeoutException: Expected condition failed: waiting for visibility of all elements located by By.xpath: //table[@id='MACEquityTable']//tbody//tr//td[text()='Stock Options']//parent::tr | //table[@id='MACEquityTable']//tbody//tr//td[text()='Stock Futures']//parent::tr (tried for 10 second(s) with 500 milliseconds interval)
Build info: version: '4.32.0', revision: 'd17c8aa950'
System info: os.name: 'Windows 11', os.arch: 'amd64', os.version: '10.0', java.version: '24.0.1'
Driver info: org.openqa.selenium.firefox.FirefoxDriver
Capabilities {acceptInsecureCerts: true, browserName: firefox, browserVersion: 142.0.1, moz:accessibilityChecks: false, moz:buildID: 20250827004350, moz:geckodriverVersion: 0.36.0, moz:headless: true, moz:platformVersion: 10.0, moz:processID: 3304, moz:profile: C:\Users\PRAVEP~1.000\AppDa..., moz:shutdownTimeout: 60000, moz:webdriverClick: true, moz:windowless: false, pageLoadStrategy: normal, platformName: windows, proxy: Proxy(), setWindowRect: true, strictFileInteractability: false, timeouts: {implicit: 0, pageLoad: 300000, script: 30000}, unhandledPromptBehavior: dismiss and notify, userAgent: Mozilla/5.0 (Windows NT 10....}
Session ID: 07b23cc8-ea95-4d63-8cee-1531b459b71b
at org.openqa.selenium.support.ui.WebDriverWait.timeoutException(WebDriverWait.java:84)
at org.openqa.selenium.support.ui.FluentWait.until(FluentWait.java:228)
at pageObjects.StocksPuts.mostActiveStocksPutData(StocksPuts.java:44)
at stepDefinitions.StocksPutsDataStepDefinition.click_on_most_active_stocks_puts_data(StocksPutsDataStepDefinition.java:19)
at ✽.Click On Most Active Stocks Puts Data(file:///C:/Users/prave.PRAVEENREDDY.000/eclipse-workspace/TradingStocks/src/test/java/Features/StocksPuts.feature:4)
]]>
            </full-stacktrace>
          </exception> <!-- org.openqa.selenium.TimeoutException -->
          <reporter-output>
          </reporter-output>
        </test-method> <!-- runScenario -->
        <test-method signature="runScenario(io.cucumber.testng.PickleWrapper,io.cucumber.testng.FeatureWrapper)[pri:0, instance:testRunner.TestRunner@7354b8c5]" started-at="2025-09-04T15:33:15 IST" name="runScenario" description="Runs Cucumber Scenarios" data-provider="scenarios" finished-at="2025-09-04T15:33:27 IST" duration-ms="12094" status="PASS">
          <params>
            <param index="0">
              <value>
                <![CDATA["Extracting Most Active Stocks Put from Nse"]]>
              </value>
            </param>
            <param index="1">
              <value>
                <![CDATA["Validation For Most Active Stocks Puts Data From NSE"]]>
              </value>
            </param>
          </params>
          <reporter-output>
          </reporter-output>
        </test-method> <!-- runScenario -->
        <test-method signature="runScenario(io.cucumber.testng.PickleWrapper,io.cucumber.testng.FeatureWrapper)[pri:0, instance:testRunner.TestRunner@7354b8c5]" started-at="2025-09-04T15:33:27 IST" name="runScenario" description="Runs Cucumber Scenarios" data-provider="scenarios" finished-at="2025-09-04T15:33:52 IST" duration-ms="24475" status="PASS">
          <params>
            <param index="0">
              <value>
                <![CDATA["Extracting data from chartlink"]]>
              </value>
            </param>
            <param index="1">
              <value>
                <![CDATA["Validation For Most Active Futures Contracts Data in chartlink"]]>
              </value>
            </param>
          </params>
          <reporter-output>
          </reporter-output>
        </test-method> <!-- runScenario -->
        <test-method is-config="true" signature="tearDownClass()[pri:0, instance:testRunner.TestRunner@7354b8c5]" started-at="2025-09-04T15:33:52 IST" name="tearDownClass" finished-at="2025-09-04T15:33:52 IST" duration-ms="50" status="PASS">
          <reporter-output>
          </reporter-output>
        </test-method> <!-- tearDownClass -->
      </class> <!-- testRunner.TestRunner -->
    </test> <!-- Cucumber Tests -->
  </suite> <!-- BDD Suite -->
</testng-results>
